<?xml version="1.0" encoding="UTF-8"?>
<coverage generated="1751770190102" clover="3.2.0">
  <project timestamp="1751770190103" name="All files">
    <metrics statements="337" coveredstatements="232" conditionals="114" coveredconditionals="69" methods="36" coveredmethods="24" elements="487" coveredelements="325" complexity="0" loc="337" ncloc="337" packages="3" files="6" classes="6"/>
    <package name="src">
      <metrics statements="23" coveredstatements="20" conditionals="2" coveredconditionals="2" methods="4" coveredmethods="3"/>
      <file name="main.ts" path="/mnt/f/Dropbox/Projects/obsidian-backgammon/src/main.ts">
        <metrics statements="23" coveredstatements="20" conditionals="2" coveredconditionals="2" methods="4" coveredmethods="3"/>
        <line num="7" count="1" type="stmt"/>
        <line num="9" count="1" type="stmt"/>
        <line num="10" count="1" type="stmt"/>
        <line num="11" count="1" type="stmt"/>
        <line num="14" count="1" type="stmt"/>
        <line num="16" count="11" type="stmt"/>
        <line num="17" count="10" type="stmt"/>
        <line num="18" count="10" type="stmt"/>
        <line num="19" count="10" type="stmt"/>
        <line num="20" count="5" type="stmt"/>
        <line num="22" count="5" type="stmt"/>
        <line num="24" count="5" type="stmt"/>
        <line num="26" count="5" type="stmt"/>
        <line num="27" count="0" type="stmt"/>
        <line num="28" count="0" type="stmt"/>
        <line num="29" count="0" type="stmt"/>
        <line num="32" count="10" type="stmt"/>
        <line num="33" count="10" type="stmt"/>
        <line num="34" count="10" type="stmt"/>
        <line num="35" count="10" type="stmt"/>
        <line num="36" count="10" type="cond" truecount="2" falsecount="0"/>
        <line num="37" count="10" type="stmt"/>
        <line num="38" count="10" type="stmt"/>
      </file>
    </package>
    <package name="src.types">
      <metrics statements="1" coveredstatements="0" conditionals="0" coveredconditionals="0" methods="0" coveredmethods="0"/>
      <file name="index.ts" path="/mnt/f/Dropbox/Projects/obsidian-backgammon/src/types/index.ts">
        <metrics statements="1" coveredstatements="0" conditionals="0" coveredconditionals="0" methods="0" coveredmethods="0"/>
        <line num="1" count="0" type="stmt"/>
      </file>
    </package>
    <package name="src.utils">
      <metrics statements="313" coveredstatements="212" conditionals="112" coveredconditionals="67" methods="32" coveredmethods="21"/>
      <file name="index.ts" path="/mnt/f/Dropbox/Projects/obsidian-backgammon/src/utils/index.ts">
        <metrics statements="2" coveredstatements="2" conditionals="0" coveredconditionals="0" methods="0" coveredmethods="0"/>
        <line num="2" count="1" type="stmt"/>
        <line num="3" count="1" type="stmt"/>
      </file>
      <file name="parseXGID.ts" path="/mnt/f/Dropbox/Projects/obsidian-backgammon/src/utils/parseXGID.ts">
        <metrics statements="56" coveredstatements="55" conditionals="34" coveredconditionals="33" methods="8" coveredmethods="8"/>
        <line num="12" count="727" type="cond" truecount="4" falsecount="0"/>
        <line num="13" count="145" type="stmt"/>
        <line num="15" count="582" type="cond" truecount="4" falsecount="0"/>
        <line num="16" count="48" type="stmt"/>
        <line num="18" count="534" type="stmt"/>
        <line num="28" count="56" type="stmt"/>
        <line num="29" count="1454" type="stmt"/>
        <line num="30" count="193" type="stmt"/>
        <line num="48" count="2" type="stmt"/>
        <line num="49" count="33" type="cond" truecount="4" falsecount="0"/>
        <line num="50" count="3" type="stmt"/>
        <line num="53" count="30" type="stmt"/>
        <line num="54" count="30" type="cond" truecount="2" falsecount="0"/>
        <line num="55" count="2" type="stmt"/>
        <line num="58" count="28" type="stmt"/>
        <line num="60" count="28" type="cond" truecount="1" falsecount="1"/>
        <line num="61" count="0" type="stmt"/>
        <line num="64" count="28" type="stmt"/>
        <line num="65" count="28" type="stmt"/>
        <line num="66" count="28" type="stmt"/>
        <line num="67" count="28" type="stmt"/>
        <line num="74" count="28" type="stmt"/>
        <line num="75" count="28" type="stmt"/>
        <line num="76" count="28" type="stmt"/>
        <line num="77" count="28" type="stmt"/>
        <line num="78" count="28" type="cond" truecount="2" falsecount="0"/>
        <line num="79" count="1" type="stmt"/>
        <line num="80" count="28" type="cond" truecount="2" falsecount="0"/>
        <line num="81" count="11" type="stmt"/>
        <line num="83" count="28" type="stmt"/>
        <line num="84" count="28" type="stmt"/>
        <line num="85" count="28" type="stmt"/>
        <line num="86" count="28" type="stmt"/>
        <line num="89" count="28" type="cond" truecount="4" falsecount="0"/>
        <line num="91" count="28" type="stmt"/>
        <line num="95" count="727" type="stmt"/>
        <line num="100" count="28" type="stmt"/>
        <line num="101" count="28" type="stmt"/>
        <line num="102" count="28" type="cond" truecount="2" falsecount="0"/>
        <line num="104" count="28" type="stmt"/>
        <line num="105" count="28" type="stmt"/>
        <line num="106" count="28" type="stmt"/>
        <line num="107" count="28" type="stmt"/>
        <line num="108" count="28" type="stmt"/>
        <line num="126" count="28" type="stmt"/>
        <line num="139" count="2" type="stmt"/>
        <line num="140" count="6" type="stmt"/>
        <line num="141" count="6" type="stmt"/>
        <line num="143" count="6" type="cond" truecount="2" falsecount="0"/>
        <line num="144" count="3" type="stmt"/>
        <line num="147" count="3" type="stmt"/>
        <line num="148" count="3" type="stmt"/>
        <line num="149" count="3" type="cond" truecount="2" falsecount="0"/>
        <line num="150" count="1" type="stmt"/>
        <line num="151" count="1" type="stmt"/>
        <line num="155" count="2" type="stmt"/>
      </file>
      <file name="renderBoard.ts" path="/mnt/f/Dropbox/Projects/obsidian-backgammon/src/utils/renderBoard.ts">
        <metrics statements="247" coveredstatements="154" conditionals="78" coveredconditionals="34" methods="17" coveredmethods="13"/>
        <line num="2" count="2" type="stmt"/>
        <line num="14" count="2" type="stmt"/>
        <line num="15" count="15" type="stmt"/>
        <line num="16" count="15" type="stmt"/>
        <line num="17" count="15" type="stmt"/>
        <line num="19" count="15" type="cond" truecount="2" falsecount="0"/>
        <line num="20" count="14" type="stmt"/>
        <line num="22" count="14" type="stmt"/>
        <line num="23" count="1" type="cond" truecount="1" falsecount="1"/>
        <line num="26" count="14" type="stmt"/>
        <line num="27" count="1" type="stmt"/>
        <line num="29" count="1" type="stmt"/>
        <line num="30" count="1" type="stmt"/>
        <line num="31" count="1" type="stmt"/>
        <line num="33" count="1" type="stmt"/>
        <line num="34" count="1" type="stmt"/>
        <line num="36" count="1" type="stmt"/>
        <line num="37" count="1" type="stmt"/>
        <line num="38" count="1" type="stmt"/>
        <line num="39" count="1" type="stmt"/>
        <line num="40" count="1" type="stmt"/>
        <line num="41" count="1" type="stmt"/>
        <line num="43" count="1" type="stmt"/>
        <line num="44" count="1" type="stmt"/>
        <line num="45" count="1" type="stmt"/>
        <line num="46" count="1" type="stmt"/>
        <line num="47" count="1" type="cond" truecount="1" falsecount="1"/>
        <line num="48" count="0" type="stmt"/>
        <line num="49" count="1" type="cond" truecount="1" falsecount="1"/>
        <line num="50" count="0" type="stmt"/>
        <line num="52" count="1" type="stmt"/>
        <line num="53" count="1" type="cond" truecount="1" falsecount="1"/>
        <line num="54" count="0" type="stmt"/>
        <line num="55" count="1" type="stmt"/>
        <line num="57" count="1" type="cond" truecount="1" falsecount="1"/>
        <line num="60" count="1" type="stmt"/>
        <line num="61" count="1" type="stmt"/>
        <line num="62" count="1" type="cond" truecount="1" falsecount="1"/>
        <line num="64" count="0" type="stmt"/>
        <line num="65" count="0" type="stmt"/>
        <line num="68" count="1" type="stmt"/>
        <line num="69" count="1" type="stmt"/>
        <line num="70" count="1" type="stmt"/>
        <line num="73" count="1" type="cond" truecount="1" falsecount="1"/>
        <line num="75" count="0" type="stmt"/>
        <line num="76" count="0" type="stmt"/>
        <line num="77" count="0" type="stmt"/>
        <line num="78" count="0" type="stmt"/>
        <line num="82" count="14" type="stmt"/>
        <line num="83" count="1" type="stmt"/>
        <line num="85" count="14" type="stmt"/>
        <line num="100" count="1" type="stmt"/>
        <line num="101" count="1" type="stmt"/>
        <line num="102" count="1" type="stmt"/>
        <line num="103" count="1" type="stmt"/>
        <line num="106" count="1" type="stmt"/>
        <line num="107" count="1" type="stmt"/>
        <line num="108" count="1" type="stmt"/>
        <line num="111" count="1" type="stmt"/>
        <line num="112" count="1" type="stmt"/>
        <line num="113" count="1" type="stmt"/>
        <line num="114" count="1" type="stmt"/>
        <line num="116" count="1" type="stmt"/>
        <line num="118" count="1" type="stmt"/>
        <line num="119" count="24" type="stmt"/>
        <line num="120" count="24" type="cond" truecount="2" falsecount="0"/>
        <line num="121" count="12" type="stmt"/>
        <line num="122" count="12" type="stmt"/>
        <line num="123" count="12" type="stmt"/>
        <line num="125" count="12" type="stmt"/>
        <line num="126" count="12" type="stmt"/>
        <line num="127" count="12" type="stmt"/>
        <line num="129" count="24" type="stmt"/>
        <line num="130" count="24" type="stmt"/>
        <line num="131" count="24" type="stmt"/>
        <line num="132" count="24" type="stmt"/>
        <line num="133" count="24" type="stmt"/>
        <line num="134" count="24" type="stmt"/>
        <line num="137" count="1" type="stmt"/>
        <line num="138" count="12" type="stmt"/>
        <line num="139" count="12" type="stmt"/>
        <line num="140" count="12" type="cond" truecount="2" falsecount="0"/>
        <line num="141" count="12" type="cond" truecount="2" falsecount="0"/>
        <line num="142" count="12" type="stmt"/>
        <line num="143" count="12" type="stmt"/>
        <line num="146" count="1" type="stmt"/>
        <line num="147" count="12" type="stmt"/>
        <line num="148" count="12" type="stmt"/>
        <line num="149" count="12" type="cond" truecount="2" falsecount="0"/>
        <line num="150" count="12" type="cond" truecount="2" falsecount="0"/>
        <line num="151" count="12" type="stmt"/>
        <line num="152" count="12" type="stmt"/>
        <line num="155" count="1" type="stmt"/>
        <line num="156" count="1" type="stmt"/>
        <line num="169" count="0" type="stmt"/>
        <line num="170" count="0" type="stmt"/>
        <line num="171" count="0" type="stmt"/>
        <line num="172" count="0" type="stmt"/>
        <line num="173" count="0" type="stmt"/>
        <line num="186" count="0" type="stmt"/>
        <line num="187" count="0" type="stmt"/>
        <line num="188" count="0" type="stmt"/>
        <line num="189" count="0" type="stmt"/>
        <line num="190" count="0" type="stmt"/>
        <line num="192" count="0" type="stmt"/>
        <line num="193" count="0" type="stmt"/>
        <line num="195" count="0" type="stmt"/>
        <line num="196" count="0" type="stmt"/>
        <line num="197" count="0" type="stmt"/>
        <line num="198" count="0" type="stmt"/>
        <line num="199" count="0" type="stmt"/>
        <line num="201" count="0" type="stmt"/>
        <line num="202" count="0" type="stmt"/>
        <line num="203" count="0" type="stmt"/>
        <line num="204" count="0" type="stmt"/>
        <line num="205" count="0" type="stmt"/>
        <line num="218" count="1" type="stmt"/>
        <line num="219" count="1" type="stmt"/>
        <line num="220" count="1" type="stmt"/>
        <line num="221" count="1" type="stmt"/>
        <line num="222" count="1" type="stmt"/>
        <line num="224" count="1" type="stmt"/>
        <line num="225" count="1" type="stmt"/>
        <line num="226" count="1" type="stmt"/>
        <line num="227" count="1" type="stmt"/>
        <line num="228" count="1" type="stmt"/>
        <line num="246" count="2" type="stmt"/>
        <line num="248" count="2" type="stmt"/>
        <line num="249" count="2" type="stmt"/>
        <line num="252" count="2" type="stmt"/>
        <line num="253" count="2" type="stmt"/>
        <line num="254" count="2" type="cond" truecount="1" falsecount="1"/>
        <line num="255" count="2" type="stmt"/>
        <line num="256" count="2" type="stmt"/>
        <line num="257" count="2" type="stmt"/>
        <line num="258" count="2" type="stmt"/>
        <line num="261" count="2" type="stmt"/>
        <line num="271" count="2" type="stmt"/>
        <line num="280" count="2" type="cond" truecount="1" falsecount="1"/>
        <line num="283" count="0" type="cond" truecount="0" falsecount="2"/>
        <line num="284" count="0" type="stmt"/>
        <line num="285" count="0" type="stmt"/>
        <line num="286" count="0" type="stmt"/>
        <line num="287" count="0" type="stmt"/>
        <line num="288" count="0" type="stmt"/>
        <line num="289" count="0" type="stmt"/>
        <line num="305" count="0" type="stmt"/>
        <line num="306" count="0" type="stmt"/>
        <line num="307" count="0" type="stmt"/>
        <line num="308" count="0" type="stmt"/>
        <line num="310" count="0" type="stmt"/>
        <line num="311" count="0" type="stmt"/>
        <line num="336" count="1" type="stmt"/>
        <line num="337" count="24" type="stmt"/>
        <line num="338" count="24" type="stmt"/>
        <line num="340" count="24" type="cond" truecount="2" falsecount="0"/>
        <line num="341" count="12" type="stmt"/>
        <line num="343" count="12" type="stmt"/>
        <line num="347" count="24" type="cond" truecount="2" falsecount="0"/>
        <line num="348" count="12" type="stmt"/>
        <line num="352" count="24" type="stmt"/>
        <line num="354" count="24" type="stmt"/>
        <line num="357" count="1" type="stmt"/>
        <line num="358" count="1" type="stmt"/>
        <line num="359" count="1" type="stmt"/>
        <line num="360" count="1" type="stmt"/>
        <line num="363" count="1" type="stmt"/>
        <line num="364" count="24" type="stmt"/>
        <line num="367" count="24" type="stmt"/>
        <line num="368" count="24" type="cond" truecount="1" falsecount="1"/>
        <line num="370" count="0" type="stmt"/>
        <line num="374" count="24" type="stmt"/>
        <line num="375" count="24" type="cond" truecount="2" falsecount="0"/>
        <line num="379" count="24" type="stmt"/>
        <line num="395" count="2" type="stmt"/>
        <line num="397" count="2" type="stmt"/>
        <line num="398" count="52" type="stmt"/>
        <line num="399" count="52" type="cond" truecount="2" falsecount="2"/>
        <line num="400" count="0" type="stmt"/>
        <line num="402" count="0" type="cond" truecount="0" falsecount="4"/>
        <line num="403" count="0" type="stmt"/>
        <line num="404" count="0" type="cond" truecount="0" falsecount="2"/>
        <line num="405" count="0" type="stmt"/>
        <line num="407" count="0" type="stmt"/>
        <line num="410" count="0" type="stmt"/>
        <line num="414" count="2" type="stmt"/>
        <line num="427" count="1" type="stmt"/>
        <line num="428" count="1" type="stmt"/>
        <line num="430" count="1" type="stmt"/>
        <line num="431" count="1" type="stmt"/>
        <line num="432" count="1" type="stmt"/>
        <line num="433" count="1" type="stmt"/>
        <line num="435" count="1" type="stmt"/>
        <line num="436" count="1" type="stmt"/>
        <line num="437" count="1" type="stmt"/>
        <line num="438" count="1" type="stmt"/>
        <line num="441" count="1" type="stmt"/>
        <line num="444" count="1" type="stmt"/>
        <line num="447" count="2" type="stmt"/>
        <line num="450" count="1" type="stmt"/>
        <line num="451" count="0" type="stmt"/>
        <line num="452" count="0" type="stmt"/>
        <line num="453" count="0" type="cond" truecount="0" falsecount="4"/>
        <line num="454" count="0" type="stmt"/>
        <line num="456" count="0" type="cond" truecount="0" falsecount="2"/>
        <line num="457" count="0" type="stmt"/>
        <line num="459" count="0" type="stmt"/>
        <line num="462" count="0" type="cond" truecount="0" falsecount="2"/>
        <line num="463" count="0" type="stmt"/>
        <line num="466" count="0" type="stmt"/>
        <line num="469" count="0" type="stmt"/>
        <line num="472" count="1" type="stmt"/>
        <line num="474" count="26" type="stmt"/>
        <line num="475" count="26" type="cond" truecount="2" falsecount="2"/>
        <line num="476" count="26" type="stmt"/>
        <line num="478" count="0" type="stmt"/>
        <line num="479" count="0" type="stmt"/>
        <line num="480" count="0" type="cond" truecount="0" falsecount="2"/>
        <line num="481" count="0" type="stmt"/>
        <line num="483" count="0" type="stmt"/>
        <line num="484" count="0" type="cond" truecount="0" falsecount="2"/>
        <line num="485" count="0" type="stmt"/>
        <line num="486" count="0" type="stmt"/>
        <line num="487" count="0" type="cond" truecount="0" falsecount="2"/>
        <line num="488" count="0" type="stmt"/>
        <line num="489" count="0" type="stmt"/>
        <line num="490" count="0" type="stmt"/>
        <line num="491" count="0" type="cond" truecount="0" falsecount="2"/>
        <line num="493" count="0" type="cond" truecount="0" falsecount="2"/>
        <line num="494" count="0" type="stmt"/>
        <line num="496" count="0" type="stmt"/>
        <line num="497" count="0" type="cond" truecount="0" falsecount="2"/>
        <line num="498" count="0" type="stmt"/>
        <line num="499" count="0" type="stmt"/>
        <line num="500" count="0" type="stmt"/>
        <line num="506" count="1" type="cond" truecount="1" falsecount="1"/>
        <line num="508" count="0" type="stmt"/>
        <line num="509" count="0" type="stmt"/>
        <line num="510" count="0" type="stmt"/>
        <line num="511" count="0" type="stmt"/>
        <line num="512" count="0" type="stmt"/>
        <line num="514" count="1" type="cond" truecount="1" falsecount="1"/>
        <line num="516" count="0" type="stmt"/>
        <line num="517" count="0" type="stmt"/>
        <line num="518" count="0" type="stmt"/>
        <line num="519" count="0" type="stmt"/>
        <line num="520" count="0" type="stmt"/>
      </file>
      <file name="styleConfig.ts" path="/mnt/f/Dropbox/Projects/obsidian-backgammon/src/utils/styleConfig.ts">
        <metrics statements="8" coveredstatements="1" conditionals="0" coveredconditionals="0" methods="7" coveredmethods="0"/>
        <line num="63" count="1" type="stmt"/>
        <line num="69" count="0" type="stmt"/>
        <line num="70" count="0" type="stmt"/>
        <line num="71" count="0" type="stmt"/>
        <line num="72" count="0" type="stmt"/>
        <line num="73" count="0" type="stmt"/>
        <line num="74" count="0" type="stmt"/>
        <line num="75" count="0" type="stmt"/>
      </file>
    </package>
  </project>
</coverage>
