{"/mnt/f/Dropbox/Projects/obsidian-backgammon/src/main.ts": {"path":"/mnt/f/Dropbox/Projects/obsidian-backgammon/src/main.ts","statementMap":{"0":{"start":{"line":7,"column":0},"end":{"line":7,"column":34}},"1":{"start":{"line":9,"column":0},"end":{"line":9,"column":38}},"2":{"start":{"line":10,"column":0},"end":{"line":10,"column":46}},"3":{"start":{"line":11,"column":0},"end":{"line":11,"column":81}},"4":{"start":{"line":16,"column":8},"end":{"line":40,"column":11}},"5":{"start":{"line":17,"column":12},"end":{"line":39,"column":13}},"6":{"start":{"line":18,"column":29},"end":{"line":18,"column":42}},"7":{"start":{"line":19,"column":34},"end":{"line":19,"column":49}},"8":{"start":{"line":20,"column":34},"end":{"line":20,"column":65}},"9":{"start":{"line":22,"column":16},"end":{"line":22,"column":43}},"10":{"start":{"line":24,"column":34},"end":{"line":24,"column":71}},"11":{"start":{"line":26,"column":16},"end":{"line":30,"column":19}},"12":{"start":{"line":27,"column":32},"end":{"line":27,"column":57}},"13":{"start":{"line":28,"column":33},"end":{"line":28,"column":53}},"14":{"start":{"line":29,"column":20},"end":{"line":29,"column":44}},"15":{"start":{"line":32,"column":33},"end":{"line":32,"column":74}},"16":{"start":{"line":33,"column":16},"end":{"line":33,"column":147}},"17":{"start":{"line":34,"column":16},"end":{"line":34,"column":53}},"18":{"start":{"line":35,"column":33},"end":{"line":35,"column":53}},"19":{"start":{"line":36,"column":32},"end":{"line":36,"column":86}},"20":{"start":{"line":37,"column":16},"end":{"line":37,"column":57}},"21":{"start":{"line":38,"column":16},"end":{"line":38,"column":95}},"22":{"start":{"line":14,"column":0},"end":{"line":14,"column":21}}},"fnMap":{"0":{"name":"(anonymous_0)","decl":{"start":{"line":15,"column":4},"end":{"line":15,"column":9}},"loc":{"start":{"line":15,"column":16},"end":{"line":41,"column":5}}},"1":{"name":"(anonymous_1)","decl":{"start":{"line":16,"column":56},"end":{"line":16,"column":57}},"loc":{"start":{"line":16,"column":71},"end":{"line":40,"column":9}}},"2":{"name":"(anonymous_2)","decl":{"start":{"line":26,"column":34},"end":{"line":26,"column":38}},"loc":{"start":{"line":26,"column":41},"end":{"line":30,"column":17}}},"3":{"name":"(anonymous_3)","decl":{"start":{"line":43,"column":4},"end":{"line":43,"column":12}},"loc":{"start":{"line":43,"column":12},"end":{"line":45,"column":5}}}},"branchMap":{"0":{"loc":{"start":{"line":36,"column":32},"end":{"line":36,"column":86}},"type":"cond-expr","locations":[{"start":{"line":36,"column":57},"end":{"line":36,"column":70}},{"start":{"line":36,"column":73},"end":{"line":36,"column":86}}]}},"s":{"0":1,"1":1,"2":1,"3":1,"4":11,"5":10,"6":10,"7":10,"8":5,"9":5,"10":5,"11":5,"12":0,"13":0,"14":0,"15":10,"16":10,"17":10,"18":10,"19":10,"20":10,"21":10,"22":1},"f":{"0":11,"1":10,"2":0,"3":1},"b":{"0":[9,1]}}
,"/mnt/f/Dropbox/Projects/obsidian-backgammon/src/types/index.ts": {"path":"/mnt/f/Dropbox/Projects/obsidian-backgammon/src/types/index.ts","statementMap":{"0":{"start":{"line":1,"column":0},"end":{"line":1,"column":24}}},"fnMap":{},"branchMap":{},"s":{"0":0},"f":{},"b":{}}
,"/mnt/f/Dropbox/Projects/obsidian-backgammon/src/utils/index.ts": {"path":"/mnt/f/Dropbox/Projects/obsidian-backgammon/src/utils/index.ts","statementMap":{"0":{"start":{"line":2,"column":0},"end":{"line":2,"column":30}},"1":{"start":{"line":3,"column":0},"end":{"line":3,"column":28}}},"fnMap":{},"branchMap":{},"s":{"0":1,"1":1},"f":{},"b":{}}
,"/mnt/f/Dropbox/Projects/obsidian-backgammon/src/utils/parseXGID.ts": {"path":"/mnt/f/Dropbox/Projects/obsidian-backgammon/src/utils/parseXGID.ts","statementMap":{"0":{"start":{"line":48,"column":0},"end":{"line":48,"column":16}},"1":{"start":{"line":139,"column":0},"end":{"line":139,"column":16}},"2":{"start":{"line":12,"column":1},"end":{"line":14,"column":2}},"3":{"start":{"line":13,"column":2},"end":{"line":13,"column":56}},"4":{"start":{"line":15,"column":1},"end":{"line":17,"column":2}},"5":{"start":{"line":16,"column":2},"end":{"line":16,"column":56}},"6":{"start":{"line":18,"column":1},"end":{"line":18,"column":18}},"7":{"start":{"line":28,"column":1},"end":{"line":30,"column":47}},"8":{"start":{"line":29,"column":15},"end":{"line":29,"column":34}},"9":{"start":{"line":30,"column":22},"end":{"line":30,"column":42}},"10":{"start":{"line":49,"column":1},"end":{"line":51,"column":2}},"11":{"start":{"line":50,"column":2},"end":{"line":50,"column":68}},"12":{"start":{"line":53,"column":19},"end":{"line":53,"column":30}},"13":{"start":{"line":54,"column":1},"end":{"line":56,"column":2}},"14":{"start":{"line":55,"column":2},"end":{"line":55,"column":74}},"15":{"start":{"line":58,"column":15},"end":{"line":58,"column":57}},"16":{"start":{"line":60,"column":1},"end":{"line":62,"column":2}},"17":{"start":{"line":61,"column":2},"end":{"line":61,"column":89}},"18":{"start":{"line":64,"column":21},"end":{"line":64,"column":29}},"19":{"start":{"line":65,"column":23},"end":{"line":65,"column":45}},"20":{"start":{"line":66,"column":19},"end":{"line":66,"column":54}},"21":{"start":{"line":67,"column":14},"end":{"line":67,"column":36}},"22":{"start":{"line":74,"column":10},"end":{"line":74,"column":11}},"23":{"start":{"line":75,"column":10},"end":{"line":75,"column":11}},"24":{"start":{"line":76,"column":1},"end":{"line":76,"column":30}},"25":{"start":{"line":77,"column":1},"end":{"line":77,"column":30}},"26":{"start":{"line":78,"column":1},"end":{"line":79,"column":11}},"27":{"start":{"line":79,"column":2},"end":{"line":79,"column":11}},"28":{"start":{"line":80,"column":1},"end":{"line":81,"column":11}},"29":{"start":{"line":81,"column":2},"end":{"line":81,"column":11}},"30":{"start":{"line":83,"column":16},"end":{"line":83,"column":38}},"31":{"start":{"line":84,"column":16},"end":{"line":84,"column":38}},"32":{"start":{"line":85,"column":20},"end":{"line":85,"column":42}},"33":{"start":{"line":86,"column":21},"end":{"line":86,"column":43}},"34":{"start":{"line":89,"column":2},"end":{"line":89,"column":66}},"35":{"start":{"line":91,"column":16},"end":{"line":98,"column":5}},"36":{"start":{"line":95,"column":29},"end":{"line":98,"column":4}},"37":{"start":{"line":100,"column":16},"end":{"line":100,"column":36}},"38":{"start":{"line":101,"column":16},"end":{"line":101,"column":36}},"39":{"start":{"line":102,"column":18},"end":{"line":102,"column":43}},"40":{"start":{"line":104,"column":26},"end":{"line":104,"column":52}},"41":{"start":{"line":105,"column":26},"end":{"line":105,"column":52}},"42":{"start":{"line":106,"column":19},"end":{"line":106,"column":40}},"43":{"start":{"line":107,"column":19},"end":{"line":107,"column":40}},"44":{"start":{"line":108,"column":27},"end":{"line":123,"column":3}},"45":{"start":{"line":126,"column":1},"end":{"line":126,"column":18}},"46":{"start":{"line":140,"column":25},"end":{"line":140,"column":105}},"47":{"start":{"line":141,"column":22},"end":{"line":141,"column":80}},"48":{"start":{"line":141,"column":68},"end":{"line":141,"column":79}},"49":{"start":{"line":143,"column":2},"end":{"line":153,"column":3}},"50":{"start":{"line":144,"column":4},"end":{"line":144,"column":23}},"51":{"start":{"line":147,"column":26},"end":{"line":147,"column":89}},"52":{"start":{"line":148,"column":18},"end":{"line":148,"column":43}},"53":{"start":{"line":149,"column":4},"end":{"line":152,"column":5}},"54":{"start":{"line":150,"column":22},"end":{"line":150,"column":64}},"55":{"start":{"line":151,"column":6},"end":{"line":151,"column":23}},"56":{"start":{"line":155,"column":2},"end":{"line":155,"column":12}}},"fnMap":{"0":{"name":"charToCount","decl":{"start":{"line":11,"column":9},"end":{"line":11,"column":20}},"loc":{"start":{"line":11,"column":30},"end":{"line":19,"column":1}}},"1":{"name":"countCheckers","decl":{"start":{"line":27,"column":9},"end":{"line":27,"column":22}},"loc":{"start":{"line":27,"column":96},"end":{"line":31,"column":1}}},"2":{"name":"(anonymous_2)","decl":{"start":{"line":29,"column":10},"end":{"line":29,"column":11}},"loc":{"start":{"line":29,"column":15},"end":{"line":29,"column":34}}},"3":{"name":"(anonymous_3)","decl":{"start":{"line":30,"column":10},"end":{"line":30,"column":11}},"loc":{"start":{"line":30,"column":22},"end":{"line":30,"column":42}}},"4":{"name":"parseXGID","decl":{"start":{"line":48,"column":16},"end":{"line":48,"column":25}},"loc":{"start":{"line":48,"column":38},"end":{"line":127,"column":1}}},"5":{"name":"(anonymous_5)","decl":{"start":{"line":95,"column":7},"end":{"line":95,"column":8}},"loc":{"start":{"line":95,"column":29},"end":{"line":98,"column":4}}},"6":{"name":"extractMoveBlocks","decl":{"start":{"line":139,"column":16},"end":{"line":139,"column":33}},"loc":{"start":{"line":139,"column":46},"end":{"line":156,"column":3}}},"7":{"name":"(anonymous_7)","decl":{"start":{"line":141,"column":61},"end":{"line":141,"column":62}},"loc":{"start":{"line":141,"column":68},"end":{"line":141,"column":79}}}},"branchMap":{"0":{"loc":{"start":{"line":12,"column":1},"end":{"line":14,"column":2}},"type":"if","locations":[{"start":{"line":12,"column":1},"end":{"line":14,"column":2}},{"start":{},"end":{}}]},"1":{"loc":{"start":{"line":12,"column":5},"end":{"line":12,"column":25}},"type":"binary-expr","locations":[{"start":{"line":12,"column":5},"end":{"line":12,"column":13}},{"start":{"line":12,"column":17},"end":{"line":12,"column":25}}]},"2":{"loc":{"start":{"line":15,"column":1},"end":{"line":17,"column":2}},"type":"if","locations":[{"start":{"line":15,"column":1},"end":{"line":17,"column":2}},{"start":{},"end":{}}]},"3":{"loc":{"start":{"line":15,"column":5},"end":{"line":15,"column":25}},"type":"binary-expr","locations":[{"start":{"line":15,"column":5},"end":{"line":15,"column":13}},{"start":{"line":15,"column":17},"end":{"line":15,"column":25}}]},"4":{"loc":{"start":{"line":49,"column":1},"end":{"line":51,"column":2}},"type":"if","locations":[{"start":{"line":49,"column":1},"end":{"line":51,"column":2}},{"start":{},"end":{}}]},"5":{"loc":{"start":{"line":49,"column":5},"end":{"line":49,"column":38}},"type":"binary-expr","locations":[{"start":{"line":49,"column":5},"end":{"line":49,"column":10}},{"start":{"line":49,"column":14},"end":{"line":49,"column":38}}]},"6":{"loc":{"start":{"line":54,"column":1},"end":{"line":56,"column":2}},"type":"if","locations":[{"start":{"line":54,"column":1},"end":{"line":56,"column":2}},{"start":{},"end":{}}]},"7":{"loc":{"start":{"line":60,"column":1},"end":{"line":62,"column":2}},"type":"if","locations":[{"start":{"line":60,"column":1},"end":{"line":62,"column":2}},{"start":{},"end":{}}]},"8":{"loc":{"start":{"line":78,"column":1},"end":{"line":79,"column":11}},"type":"if","locations":[{"start":{"line":78,"column":1},"end":{"line":79,"column":11}},{"start":{},"end":{}}]},"9":{"loc":{"start":{"line":80,"column":1},"end":{"line":81,"column":11}},"type":"if","locations":[{"start":{"line":80,"column":1},"end":{"line":81,"column":11}},{"start":{},"end":{}}]},"10":{"loc":{"start":{"line":89,"column":2},"end":{"line":89,"column":66}},"type":"cond-expr","locations":[{"start":{"line":89,"column":24},"end":{"line":89,"column":32}},{"start":{"line":89,"column":35},"end":{"line":89,"column":66}}]},"11":{"loc":{"start":{"line":89,"column":35},"end":{"line":89,"column":66}},"type":"cond-expr","locations":[{"start":{"line":89,"column":57},"end":{"line":89,"column":60}},{"start":{"line":89,"column":63},"end":{"line":89,"column":66}}]},"12":{"loc":{"start":{"line":102,"column":18},"end":{"line":102,"column":43}},"type":"binary-expr","locations":[{"start":{"line":102,"column":18},"end":{"line":102,"column":33}},{"start":{"line":102,"column":37},"end":{"line":102,"column":43}}]},"13":{"loc":{"start":{"line":112,"column":8},"end":{"line":112,"column":31}},"type":"cond-expr","locations":[{"start":{"line":112,"column":22},"end":{"line":112,"column":25}},{"start":{"line":112,"column":28},"end":{"line":112,"column":31}}]},"14":{"loc":{"start":{"line":116,"column":13},"end":{"line":116,"column":52}},"type":"cond-expr","locations":[{"start":{"line":116,"column":38},"end":{"line":116,"column":40}},{"start":{"line":116,"column":43},"end":{"line":116,"column":52}}]},"15":{"loc":{"start":{"line":143,"column":2},"end":{"line":153,"column":3}},"type":"if","locations":[{"start":{"line":143,"column":2},"end":{"line":153,"column":3}},{"start":{"line":145,"column":9},"end":{"line":153,"column":3}}]},"16":{"loc":{"start":{"line":149,"column":4},"end":{"line":152,"column":5}},"type":"if","locations":[{"start":{"line":149,"column":4},"end":{"line":152,"column":5}},{"start":{},"end":{}}]}},"s":{"0":2,"1":2,"2":727,"3":145,"4":582,"5":48,"6":534,"7":56,"8":1454,"9":193,"10":33,"11":3,"12":30,"13":30,"14":2,"15":28,"16":28,"17":0,"18":28,"19":28,"20":28,"21":28,"22":28,"23":28,"24":28,"25":28,"26":28,"27":1,"28":28,"29":11,"30":28,"31":28,"32":28,"33":28,"34":28,"35":28,"36":727,"37":28,"38":28,"39":28,"40":28,"41":28,"42":28,"43":28,"44":28,"45":28,"46":6,"47":6,"48":6,"49":6,"50":3,"51":3,"52":3,"53":3,"54":1,"55":1,"56":2},"f":{"0":727,"1":56,"2":1454,"3":193,"4":33,"5":727,"6":6,"7":6},"b":{"0":[145,582],"1":[727,145],"2":[48,534],"3":[582,48],"4":[3,30],"5":[33,30],"6":[2,28],"7":[0,28],"8":[1,27],"9":[11,17],"10":[23,5],"11":[4,1],"12":[28,27],"13":[3,25],"14":[23,5],"15":[3,3],"16":[1,2]}}
,"/mnt/f/Dropbox/Projects/obsidian-backgammon/src/utils/renderBoard.ts": {"path":"/mnt/f/Dropbox/Projects/obsidian-backgammon/src/utils/renderBoard.ts","statementMap":{"0":{"start":{"line":14,"column":0},"end":{"line":14,"column":16}},"1":{"start":{"line":447,"column":0},"end":{"line":447,"column":16}},"2":{"start":{"line":2,"column":0},"end":{"line":2,"column":44}},"3":{"start":{"line":15,"column":35},"end":{"line":15,"column":67}},"4":{"start":{"line":16,"column":1},"end":{"line":16,"column":24}},"5":{"start":{"line":17,"column":46},"end":{"line":17,"column":69}},"6":{"start":{"line":19,"column":1},"end":{"line":19,"column":18}},"7":{"start":{"line":19,"column":11},"end":{"line":19,"column":18}},"8":{"start":{"line":20,"column":19},"end":{"line":20,"column":20}},"9":{"start":{"line":22,"column":33},"end":{"line":24,"column":2}},"10":{"start":{"line":23,"column":2},"end":{"line":23,"column":64}},"11":{"start":{"line":26,"column":22},"end":{"line":80,"column":2}},"12":{"start":{"line":27,"column":18},"end":{"line":27,"column":43}},"13":{"start":{"line":29,"column":2},"end":{"line":29,"column":51}},"14":{"start":{"line":30,"column":2},"end":{"line":30,"column":58}},"15":{"start":{"line":31,"column":2},"end":{"line":31,"column":41}},"16":{"start":{"line":33,"column":2},"end":{"line":33,"column":54}},"17":{"start":{"line":34,"column":2},"end":{"line":34,"column":56}},"18":{"start":{"line":36,"column":2},"end":{"line":36,"column":57}},"19":{"start":{"line":37,"column":2},"end":{"line":37,"column":51}},"20":{"start":{"line":38,"column":2},"end":{"line":38,"column":17}},"21":{"start":{"line":39,"column":2},"end":{"line":39,"column":37}},"22":{"start":{"line":40,"column":2},"end":{"line":40,"column":34}},"23":{"start":{"line":41,"column":2},"end":{"line":41,"column":31}},"24":{"start":{"line":43,"column":19},"end":{"line":43,"column":21}},"25":{"start":{"line":44,"column":22},"end":{"line":44,"column":50}},"26":{"start":{"line":45,"column":22},"end":{"line":45,"column":44}},"27":{"start":{"line":46,"column":14},"end":{"line":46,"column":38}},"28":{"start":{"line":47,"column":2},"end":{"line":50,"column":48}},"29":{"start":{"line":48,"column":3},"end":{"line":48,"column":51}},"30":{"start":{"line":49,"column":7},"end":{"line":50,"column":48}},"31":{"start":{"line":50,"column":3},"end":{"line":50,"column":48}},"32":{"start":{"line":52,"column":18},"end":{"line":52,"column":48}},"33":{"start":{"line":53,"column":2},"end":{"line":54,"column":20}},"34":{"start":{"line":54,"column":3},"end":{"line":54,"column":20}},"35":{"start":{"line":55,"column":2},"end":{"line":55,"column":71}},"36":{"start":{"line":57,"column":19},"end":{"line":57,"column":109}},"37":{"start":{"line":60,"column":19},"end":{"line":60,"column":74}},"38":{"start":{"line":61,"column":20},"end":{"line":61,"column":50}},"39":{"start":{"line":62,"column":3},"end":{"line":66,"column":4}},"40":{"start":{"line":64,"column":4},"end":{"line":64,"column":20}},"41":{"start":{"line":65,"column":4},"end":{"line":65,"column":21}},"42":{"start":{"line":68,"column":17},"end":{"line":68,"column":44}},"43":{"start":{"line":69,"column":3},"end":{"line":69,"column":123}},"44":{"start":{"line":70,"column":3},"end":{"line":70,"column":146}},"45":{"start":{"line":73,"column":2},"end":{"line":79,"column":3}},"46":{"start":{"line":75,"column":18},"end":{"line":75,"column":68}},"47":{"start":{"line":76,"column":3},"end":{"line":76,"column":133}},"48":{"start":{"line":77,"column":3},"end":{"line":77,"column":135}},"49":{"start":{"line":78,"column":3},"end":{"line":78,"column":95}},"50":{"start":{"line":82,"column":18},"end":{"line":84,"column":3}},"51":{"start":{"line":83,"column":2},"end":{"line":83,"column":17}},"52":{"start":{"line":85,"column":1},"end":{"line":85,"column":41}},"53":{"start":{"line":100,"column":1},"end":{"line":100,"column":47}},"54":{"start":{"line":101,"column":1},"end":{"line":101,"column":50}},"55":{"start":{"line":102,"column":1},"end":{"line":102,"column":19}},"56":{"start":{"line":103,"column":1},"end":{"line":103,"column":69}},"57":{"start":{"line":106,"column":18},"end":{"line":106,"column":20}},"58":{"start":{"line":107,"column":21},"end":{"line":107,"column":49}},"59":{"start":{"line":108,"column":21},"end":{"line":108,"column":43}},"60":{"start":{"line":111,"column":1},"end":{"line":111,"column":40}},"61":{"start":{"line":112,"column":1},"end":{"line":112,"column":116}},"62":{"start":{"line":113,"column":1},"end":{"line":113,"column":64}},"63":{"start":{"line":114,"column":1},"end":{"line":114,"column":109}},"64":{"start":{"line":116,"column":16},"end":{"line":116,"column":83}},"65":{"start":{"line":118,"column":22},"end":{"line":135,"column":2}},"66":{"start":{"line":119,"column":2},"end":{"line":119,"column":18}},"67":{"start":{"line":120,"column":2},"end":{"line":128,"column":3}},"68":{"start":{"line":121,"column":3},"end":{"line":121,"column":30}},"69":{"start":{"line":122,"column":3},"end":{"line":122,"column":88}},"70":{"start":{"line":123,"column":3},"end":{"line":123,"column":55}},"71":{"start":{"line":125,"column":3},"end":{"line":125,"column":27}},"72":{"start":{"line":126,"column":3},"end":{"line":126,"column":85}},"73":{"start":{"line":127,"column":3},"end":{"line":127,"column":52}},"74":{"start":{"line":129,"column":2},"end":{"line":129,"column":18}},"75":{"start":{"line":130,"column":2},"end":{"line":130,"column":24}},"76":{"start":{"line":131,"column":2},"end":{"line":131,"column":51}},"77":{"start":{"line":132,"column":2},"end":{"line":132,"column":49}},"78":{"start":{"line":133,"column":2},"end":{"line":133,"column":15}},"79":{"start":{"line":134,"column":2},"end":{"line":134,"column":13}},"80":{"start":{"line":137,"column":1},"end":{"line":144,"column":2}},"81":{"start":{"line":137,"column":14},"end":{"line":137,"column":15}},"82":{"start":{"line":138,"column":10},"end":{"line":138,"column":36}},"83":{"start":{"line":139,"column":2},"end":{"line":139,"column":31}},"84":{"start":{"line":140,"column":2},"end":{"line":140,"column":40}},"85":{"start":{"line":140,"column":14},"end":{"line":140,"column":40}},"86":{"start":{"line":141,"column":22},"end":{"line":141,"column":35}},"87":{"start":{"line":142,"column":14},"end":{"line":142,"column":31}},"88":{"start":{"line":143,"column":2},"end":{"line":143,"column":31}},"89":{"start":{"line":146,"column":1},"end":{"line":153,"column":2}},"90":{"start":{"line":146,"column":14},"end":{"line":146,"column":15}},"91":{"start":{"line":147,"column":10},"end":{"line":147,"column":36}},"92":{"start":{"line":148,"column":2},"end":{"line":148,"column":31}},"93":{"start":{"line":149,"column":2},"end":{"line":149,"column":40}},"94":{"start":{"line":149,"column":14},"end":{"line":149,"column":40}},"95":{"start":{"line":150,"column":22},"end":{"line":150,"column":35}},"96":{"start":{"line":151,"column":14},"end":{"line":151,"column":27}},"97":{"start":{"line":152,"column":2},"end":{"line":152,"column":32}},"98":{"start":{"line":155,"column":1},"end":{"line":155,"column":48}},"99":{"start":{"line":156,"column":1},"end":{"line":156,"column":66}},"100":{"start":{"line":169,"column":1},"end":{"line":169,"column":43}},"101":{"start":{"line":170,"column":1},"end":{"line":170,"column":26}},"102":{"start":{"line":171,"column":1},"end":{"line":171,"column":29}},"103":{"start":{"line":172,"column":1},"end":{"line":172,"column":30}},"104":{"start":{"line":173,"column":1},"end":{"line":173,"column":26}},"105":{"start":{"line":186,"column":15},"end":{"line":186,"column":38}},"106":{"start":{"line":187,"column":15},"end":{"line":187,"column":48}},"107":{"start":{"line":188,"column":1},"end":{"line":188,"column":52}},"108":{"start":{"line":189,"column":1},"end":{"line":189,"column":50}},"109":{"start":{"line":190,"column":1},"end":{"line":190,"column":56}},"110":{"start":{"line":192,"column":1},"end":{"line":192,"column":19}},"111":{"start":{"line":193,"column":1},"end":{"line":193,"column":58}},"112":{"start":{"line":195,"column":1},"end":{"line":195,"column":42}},"113":{"start":{"line":196,"column":1},"end":{"line":196,"column":26}},"114":{"start":{"line":197,"column":1},"end":{"line":197,"column":29}},"115":{"start":{"line":198,"column":1},"end":{"line":198,"column":41}},"116":{"start":{"line":199,"column":1},"end":{"line":199,"column":63}},"117":{"start":{"line":201,"column":1},"end":{"line":201,"column":41}},"118":{"start":{"line":202,"column":1},"end":{"line":202,"column":26}},"119":{"start":{"line":203,"column":1},"end":{"line":203,"column":29}},"120":{"start":{"line":204,"column":1},"end":{"line":204,"column":41}},"121":{"start":{"line":205,"column":1},"end":{"line":205,"column":75}},"122":{"start":{"line":218,"column":14},"end":{"line":218,"column":67}},"123":{"start":{"line":219,"column":1},"end":{"line":219,"column":51}},"124":{"start":{"line":220,"column":1},"end":{"line":220,"column":49}},"125":{"start":{"line":221,"column":1},"end":{"line":221,"column":52}},"126":{"start":{"line":222,"column":1},"end":{"line":222,"column":54}},"127":{"start":{"line":224,"column":1},"end":{"line":224,"column":40}},"128":{"start":{"line":225,"column":1},"end":{"line":225,"column":26}},"129":{"start":{"line":226,"column":1},"end":{"line":226,"column":29}},"130":{"start":{"line":227,"column":1},"end":{"line":227,"column":41}},"131":{"start":{"line":228,"column":1},"end":{"line":228,"column":37}},"132":{"start":{"line":246,"column":18},"end":{"line":246,"column":49}},"133":{"start":{"line":248,"column":16},"end":{"line":248,"column":24}},"134":{"start":{"line":249,"column":19},"end":{"line":249,"column":57}},"135":{"start":{"line":252,"column":1},"end":{"line":252,"column":17}},"136":{"start":{"line":253,"column":1},"end":{"line":253,"column":23}},"137":{"start":{"line":254,"column":1},"end":{"line":254,"column":130}},"138":{"start":{"line":255,"column":1},"end":{"line":255,"column":48}},"139":{"start":{"line":256,"column":1},"end":{"line":256,"column":94}},"140":{"start":{"line":257,"column":1},"end":{"line":257,"column":12}},"141":{"start":{"line":258,"column":1},"end":{"line":258,"column":14}},"142":{"start":{"line":261,"column":17},"end":{"line":269,"column":3}},"143":{"start":{"line":271,"column":44},"end":{"line":278,"column":3}},"144":{"start":{"line":280,"column":1},"end":{"line":292,"column":2}},"145":{"start":{"line":283,"column":2},"end":{"line":283,"column":129}},"146":{"start":{"line":284,"column":2},"end":{"line":291,"column":3}},"147":{"start":{"line":285,"column":3},"end":{"line":290,"column":4}},"148":{"start":{"line":286,"column":21},"end":{"line":286,"column":31}},"149":{"start":{"line":287,"column":4},"end":{"line":287,"column":20}},"150":{"start":{"line":288,"column":4},"end":{"line":288,"column":69}},"151":{"start":{"line":289,"column":4},"end":{"line":289,"column":15}},"152":{"start":{"line":305,"column":1},"end":{"line":305,"column":17}},"153":{"start":{"line":306,"column":1},"end":{"line":306,"column":23}},"154":{"start":{"line":307,"column":1},"end":{"line":307,"column":64}},"155":{"start":{"line":308,"column":1},"end":{"line":308,"column":12}},"156":{"start":{"line":310,"column":1},"end":{"line":310,"column":50}},"157":{"start":{"line":311,"column":1},"end":{"line":311,"column":14}},"158":{"start":{"line":336,"column":19},"end":{"line":355,"column":2}},"159":{"start":{"line":337,"column":14},"end":{"line":337,"column":15}},"160":{"start":{"line":338,"column":25},"end":{"line":338,"column":51}},"161":{"start":{"line":340,"column":2},"end":{"line":344,"column":3}},"162":{"start":{"line":341,"column":3},"end":{"line":341,"column":28}},"163":{"start":{"line":343,"column":3},"end":{"line":343,"column":28}},"164":{"start":{"line":347,"column":2},"end":{"line":349,"column":3}},"165":{"start":{"line":348,"column":3},"end":{"line":348,"column":11}},"166":{"start":{"line":352,"column":2},"end":{"line":352,"column":10}},"167":{"start":{"line":354,"column":2},"end":{"line":354,"column":58}},"168":{"start":{"line":357,"column":1},"end":{"line":357,"column":42}},"169":{"start":{"line":358,"column":1},"end":{"line":358,"column":26}},"170":{"start":{"line":359,"column":1},"end":{"line":359,"column":29}},"171":{"start":{"line":360,"column":1},"end":{"line":360,"column":48}},"172":{"start":{"line":363,"column":1},"end":{"line":380,"column":2}},"173":{"start":{"line":363,"column":24},"end":{"line":363,"column":25}},"174":{"start":{"line":364,"column":12},"end":{"line":364,"column":34}},"175":{"start":{"line":367,"column":22},"end":{"line":367,"column":33}},"176":{"start":{"line":368,"column":2},"end":{"line":371,"column":3}},"177":{"start":{"line":370,"column":3},"end":{"line":370,"column":36}},"178":{"start":{"line":374,"column":19},"end":{"line":374,"column":35}},"179":{"start":{"line":375,"column":12},"end":{"line":377,"column":30}},"180":{"start":{"line":379,"column":2},"end":{"line":379,"column":47}},"181":{"start":{"line":395,"column":16},"end":{"line":395,"column":17}},"182":{"start":{"line":397,"column":1},"end":{"line":412,"column":2}},"183":{"start":{"line":397,"column":14},"end":{"line":397,"column":15}},"184":{"start":{"line":398,"column":16},"end":{"line":398,"column":35}},"185":{"start":{"line":399,"column":2},"end":{"line":411,"column":3}},"186":{"start":{"line":400,"column":18},"end":{"line":400,"column":19}},"187":{"start":{"line":402,"column":3},"end":{"line":408,"column":4}},"188":{"start":{"line":403,"column":4},"end":{"line":403,"column":18}},"189":{"start":{"line":404,"column":10},"end":{"line":408,"column":4}},"190":{"start":{"line":405,"column":4},"end":{"line":405,"column":17}},"191":{"start":{"line":407,"column":4},"end":{"line":407,"column":22}},"192":{"start":{"line":410,"column":3},"end":{"line":410,"column":45}},"193":{"start":{"line":414,"column":1},"end":{"line":414,"column":17}},"194":{"start":{"line":427,"column":19},"end":{"line":427,"column":52}},"195":{"start":{"line":428,"column":19},"end":{"line":428,"column":52}},"196":{"start":{"line":430,"column":1},"end":{"line":430,"column":39}},"197":{"start":{"line":431,"column":1},"end":{"line":431,"column":26}},"198":{"start":{"line":432,"column":1},"end":{"line":432,"column":29}},"199":{"start":{"line":433,"column":1},"end":{"line":433,"column":45}},"200":{"start":{"line":435,"column":18},"end":{"line":435,"column":20}},"201":{"start":{"line":436,"column":21},"end":{"line":436,"column":49}},"202":{"start":{"line":437,"column":20},"end":{"line":437,"column":46}},"203":{"start":{"line":438,"column":16},"end":{"line":438,"column":18}},"204":{"start":{"line":441,"column":1},"end":{"line":441,"column":64}},"205":{"start":{"line":444,"column":1},"end":{"line":444,"column":61}},"206":{"start":{"line":450,"column":19},"end":{"line":470,"column":2}},"207":{"start":{"line":451,"column":12},"end":{"line":451,"column":13}},"208":{"start":{"line":452,"column":25},"end":{"line":452,"column":51}},"209":{"start":{"line":453,"column":2},"end":{"line":454,"column":55}},"210":{"start":{"line":454,"column":3},"end":{"line":454,"column":55}},"211":{"start":{"line":456,"column":2},"end":{"line":459,"column":36}},"212":{"start":{"line":457,"column":3},"end":{"line":457,"column":36}},"213":{"start":{"line":459,"column":3},"end":{"line":459,"column":36}},"214":{"start":{"line":462,"column":2},"end":{"line":463,"column":11}},"215":{"start":{"line":463,"column":3},"end":{"line":463,"column":11}},"216":{"start":{"line":466,"column":2},"end":{"line":466,"column":10}},"217":{"start":{"line":469,"column":2},"end":{"line":469,"column":58}},"218":{"start":{"line":472,"column":1},"end":{"line":503,"column":2}},"219":{"start":{"line":472,"column":14},"end":{"line":472,"column":15}},"220":{"start":{"line":474,"column":14},"end":{"line":474,"column":33}},"221":{"start":{"line":475,"column":2},"end":{"line":476,"column":12}},"222":{"start":{"line":476,"column":3},"end":{"line":476,"column":12}},"223":{"start":{"line":478,"column":28},"end":{"line":478,"column":29}},"224":{"start":{"line":479,"column":26},"end":{"line":479,"column":32}},"225":{"start":{"line":480,"column":2},"end":{"line":481,"column":25}},"226":{"start":{"line":481,"column":3},"end":{"line":481,"column":25}},"227":{"start":{"line":483,"column":16},"end":{"line":483,"column":41}},"228":{"start":{"line":484,"column":16},"end":{"line":484,"column":71}},"229":{"start":{"line":485,"column":12},"end":{"line":485,"column":42}},"230":{"start":{"line":486,"column":15},"end":{"line":486,"column":40}},"231":{"start":{"line":487,"column":2},"end":{"line":488,"column":43}},"232":{"start":{"line":488,"column":3},"end":{"line":488,"column":43}},"233":{"start":{"line":489,"column":19},"end":{"line":489,"column":21}},"234":{"start":{"line":490,"column":22},"end":{"line":490,"column":50}},"235":{"start":{"line":491,"column":17},"end":{"line":491,"column":65}},"236":{"start":{"line":493,"column":20},"end":{"line":493,"column":34}},"237":{"start":{"line":494,"column":2},"end":{"line":494,"column":20}},"238":{"start":{"line":496,"column":2},"end":{"line":502,"column":3}},"239":{"start":{"line":496,"column":15},"end":{"line":496,"column":16}},"240":{"start":{"line":497,"column":22},"end":{"line":497,"column":110}},"241":{"start":{"line":498,"column":14},"end":{"line":498,"column":15}},"242":{"start":{"line":499,"column":14},"end":{"line":499,"column":66}},"243":{"start":{"line":500,"column":3},"end":{"line":500,"column":56}},"244":{"start":{"line":506,"column":1},"end":{"line":513,"column":2}},"245":{"start":{"line":508,"column":15},"end":{"line":508,"column":98}},"246":{"start":{"line":509,"column":22},"end":{"line":509,"column":50}},"247":{"start":{"line":510,"column":15},"end":{"line":510,"column":84}},"248":{"start":{"line":511,"column":2},"end":{"line":511,"column":74}},"249":{"start":{"line":512,"column":2},"end":{"line":512,"column":101}},"250":{"start":{"line":514,"column":1},"end":{"line":521,"column":2}},"251":{"start":{"line":516,"column":15},"end":{"line":516,"column":98}},"252":{"start":{"line":517,"column":19},"end":{"line":517,"column":21}},"253":{"start":{"line":518,"column":15},"end":{"line":518,"column":79}},"254":{"start":{"line":519,"column":2},"end":{"line":519,"column":74}},"255":{"start":{"line":520,"column":2},"end":{"line":520,"column":101}}},"fnMap":{"0":{"name":"renderBoard","decl":{"start":{"line":14,"column":16},"end":{"line":14,"column":27}},"loc":{"start":{"line":14,"column":65},"end":{"line":87,"column":1}}},"1":{"name":"(anonymous_1)","decl":{"start":{"line":22,"column":33},"end":{"line":22,"column":44}},"loc":{"start":{"line":22,"column":46},"end":{"line":24,"column":2}}},"2":{"name":"(anonymous_2)","decl":{"start":{"line":26,"column":22},"end":{"line":26,"column":25}},"loc":{"start":{"line":26,"column":27},"end":{"line":80,"column":2}}},"3":{"name":"(anonymous_3)","decl":{"start":{"line":82,"column":37},"end":{"line":82,"column":40}},"loc":{"start":{"line":82,"column":42},"end":{"line":84,"column":2}}},"4":{"name":"drawBoard","decl":{"start":{"line":98,"column":9},"end":{"line":98,"column":18}},"loc":{"start":{"line":98,"column":48},"end":{"line":157,"column":1}}},"5":{"name":"(anonymous_5)","decl":{"start":{"line":118,"column":22},"end":{"line":118,"column":23}},"loc":{"start":{"line":118,"column":74},"end":{"line":135,"column":2}}},"6":{"name":"drawCheckerLabel","decl":{"start":{"line":168,"column":9},"end":{"line":168,"column":25}},"loc":{"start":{"line":168,"column":124},"end":{"line":174,"column":1}}},"7":{"name":"drawScoreAtPosition","decl":{"start":{"line":184,"column":9},"end":{"line":184,"column":28}},"loc":{"start":{"line":184,"column":113},"end":{"line":206,"column":1}}},"8":{"name":"drawCubeAtPosition","decl":{"start":{"line":216,"column":9},"end":{"line":216,"column":27}},"loc":{"start":{"line":216,"column":101},"end":{"line":229,"column":1}}},"9":{"name":"drawDieAtPosition","decl":{"start":{"line":244,"column":9},"end":{"line":244,"column":26}},"loc":{"start":{"line":244,"column":121},"end":{"line":293,"column":1}}},"10":{"name":"drawCheckerAtPosition","decl":{"start":{"line":303,"column":9},"end":{"line":303,"column":30}},"loc":{"start":{"line":303,"column":100},"end":{"line":312,"column":1}}},"11":{"name":"renderPointNumbers","decl":{"start":{"line":334,"column":9},"end":{"line":334,"column":27}},"loc":{"start":{"line":334,"column":79},"end":{"line":381,"column":1}}},"12":{"name":"(anonymous_12)","decl":{"start":{"line":336,"column":19},"end":{"line":336,"column":20}},"loc":{"start":{"line":336,"column":51},"end":{"line":355,"column":2}}},"13":{"name":"calculatePipCount","decl":{"start":{"line":394,"column":9},"end":{"line":394,"column":26}},"loc":{"start":{"line":394,"column":66},"end":{"line":415,"column":1}}},"14":{"name":"renderPipCounts","decl":{"start":{"line":426,"column":9},"end":{"line":426,"column":24}},"loc":{"start":{"line":426,"column":76},"end":{"line":445,"column":1}}},"15":{"name":"drawCheckers","decl":{"start":{"line":447,"column":16},"end":{"line":447,"column":28}},"loc":{"start":{"line":447,"column":80},"end":{"line":522,"column":1}}},"16":{"name":"(anonymous_16)","decl":{"start":{"line":450,"column":19},"end":{"line":450,"column":20}},"loc":{"start":{"line":450,"column":59},"end":{"line":470,"column":2}}}},"branchMap":{"0":{"loc":{"start":{"line":19,"column":1},"end":{"line":19,"column":18}},"type":"if","locations":[{"start":{"line":19,"column":1},"end":{"line":19,"column":18}},{"start":{},"end":{}}]},"1":{"loc":{"start":{"line":23,"column":9},"end":{"line":23,"column":63}},"type":"binary-expr","locations":[{"start":{"line":23,"column":9},"end":{"line":23,"column":42}},{"start":{"line":23,"column":46},"end":{"line":23,"column":63}}]},"2":{"loc":{"start":{"line":47,"column":2},"end":{"line":50,"column":48}},"type":"if","locations":[{"start":{"line":47,"column":2},"end":{"line":50,"column":48}},{"start":{"line":49,"column":7},"end":{"line":50,"column":48}}]},"3":{"loc":{"start":{"line":49,"column":7},"end":{"line":50,"column":48}},"type":"if","locations":[{"start":{"line":49,"column":7},"end":{"line":50,"column":48}},{"start":{},"end":{}}]},"4":{"loc":{"start":{"line":53,"column":2},"end":{"line":54,"column":20}},"type":"if","locations":[{"start":{"line":53,"column":2},"end":{"line":54,"column":20}},{"start":{},"end":{}}]},"5":{"loc":{"start":{"line":57,"column":19},"end":{"line":57,"column":109}},"type":"cond-expr","locations":[{"start":{"line":57,"column":44},"end":{"line":57,"column":75}},{"start":{"line":57,"column":78},"end":{"line":57,"column":109}}]},"6":{"loc":{"start":{"line":62,"column":3},"end":{"line":66,"column":4}},"type":"if","locations":[{"start":{"line":62,"column":3},"end":{"line":66,"column":4}},{"start":{},"end":{}}]},"7":{"loc":{"start":{"line":73,"column":2},"end":{"line":79,"column":3}},"type":"if","locations":[{"start":{"line":73,"column":2},"end":{"line":79,"column":3}},{"start":{},"end":{}}]},"8":{"loc":{"start":{"line":120,"column":2},"end":{"line":128,"column":3}},"type":"if","locations":[{"start":{"line":120,"column":2},"end":{"line":128,"column":3}},{"start":{"line":124,"column":9},"end":{"line":128,"column":3}}]},"9":{"loc":{"start":{"line":140,"column":2},"end":{"line":140,"column":40}},"type":"if","locations":[{"start":{"line":140,"column":2},"end":{"line":140,"column":40}},{"start":{},"end":{}}]},"10":{"loc":{"start":{"line":141,"column":22},"end":{"line":141,"column":35}},"type":"cond-expr","locations":[{"start":{"line":141,"column":30},"end":{"line":141,"column":31}},{"start":{"line":141,"column":34},"end":{"line":141,"column":35}}]},"11":{"loc":{"start":{"line":149,"column":2},"end":{"line":149,"column":40}},"type":"if","locations":[{"start":{"line":149,"column":2},"end":{"line":149,"column":40}},{"start":{},"end":{}}]},"12":{"loc":{"start":{"line":150,"column":22},"end":{"line":150,"column":35}},"type":"cond-expr","locations":[{"start":{"line":150,"column":30},"end":{"line":150,"column":31}},{"start":{"line":150,"column":34},"end":{"line":150,"column":35}}]},"13":{"loc":{"start":{"line":254,"column":19},"end":{"line":254,"column":128}},"type":"cond-expr","locations":[{"start":{"line":254,"column":63},"end":{"line":254,"column":94}},{"start":{"line":254,"column":97},"end":{"line":254,"column":128}}]},"14":{"loc":{"start":{"line":280,"column":1},"end":{"line":292,"column":2}},"type":"if","locations":[{"start":{"line":280,"column":1},"end":{"line":292,"column":2}},{"start":{},"end":{}}]},"15":{"loc":{"start":{"line":283,"column":18},"end":{"line":283,"column":127}},"type":"cond-expr","locations":[{"start":{"line":283,"column":62},"end":{"line":283,"column":93}},{"start":{"line":283,"column":96},"end":{"line":283,"column":127}}]},"16":{"loc":{"start":{"line":340,"column":2},"end":{"line":344,"column":3}},"type":"if","locations":[{"start":{"line":340,"column":2},"end":{"line":344,"column":3}},{"start":{"line":342,"column":9},"end":{"line":344,"column":3}}]},"17":{"loc":{"start":{"line":347,"column":2},"end":{"line":349,"column":3}},"type":"if","locations":[{"start":{"line":347,"column":2},"end":{"line":349,"column":3}},{"start":{},"end":{}}]},"18":{"loc":{"start":{"line":368,"column":2},"end":{"line":371,"column":3}},"type":"if","locations":[{"start":{"line":368,"column":2},"end":{"line":371,"column":3}},{"start":{},"end":{}}]},"19":{"loc":{"start":{"line":375,"column":12},"end":{"line":377,"column":30}},"type":"cond-expr","locations":[{"start":{"line":376,"column":3},"end":{"line":376,"column":5}},{"start":{"line":377,"column":3},"end":{"line":377,"column":30}}]},"20":{"loc":{"start":{"line":399,"column":2},"end":{"line":411,"column":3}},"type":"if","locations":[{"start":{"line":399,"column":2},"end":{"line":411,"column":3}},{"start":{},"end":{}}]},"21":{"loc":{"start":{"line":399,"column":6},"end":{"line":399,"column":55}},"type":"binary-expr","locations":[{"start":{"line":399,"column":6},"end":{"line":399,"column":29}},{"start":{"line":399,"column":33},"end":{"line":399,"column":55}}]},"22":{"loc":{"start":{"line":402,"column":3},"end":{"line":408,"column":4}},"type":"if","locations":[{"start":{"line":402,"column":3},"end":{"line":408,"column":4}},{"start":{"line":404,"column":10},"end":{"line":408,"column":4}}]},"23":{"loc":{"start":{"line":402,"column":7},"end":{"line":402,"column":26}},"type":"binary-expr","locations":[{"start":{"line":402,"column":7},"end":{"line":402,"column":14}},{"start":{"line":402,"column":18},"end":{"line":402,"column":26}}]},"24":{"loc":{"start":{"line":404,"column":10},"end":{"line":408,"column":4}},"type":"if","locations":[{"start":{"line":404,"column":10},"end":{"line":408,"column":4}},{"start":{"line":406,"column":10},"end":{"line":408,"column":4}}]},"25":{"loc":{"start":{"line":453,"column":2},"end":{"line":454,"column":55}},"type":"if","locations":[{"start":{"line":453,"column":2},"end":{"line":454,"column":55}},{"start":{},"end":{}}]},"26":{"loc":{"start":{"line":453,"column":5},"end":{"line":453,"column":58}},"type":"binary-expr","locations":[{"start":{"line":453,"column":5},"end":{"line":453,"column":29}},{"start":{"line":453,"column":33},"end":{"line":453,"column":58}}]},"27":{"loc":{"start":{"line":456,"column":2},"end":{"line":459,"column":36}},"type":"if","locations":[{"start":{"line":456,"column":2},"end":{"line":459,"column":36}},{"start":{"line":459,"column":3},"end":{"line":459,"column":36}}]},"28":{"loc":{"start":{"line":462,"column":2},"end":{"line":463,"column":11}},"type":"if","locations":[{"start":{"line":462,"column":2},"end":{"line":463,"column":11}},{"start":{},"end":{}}]},"29":{"loc":{"start":{"line":475,"column":2},"end":{"line":476,"column":12}},"type":"if","locations":[{"start":{"line":475,"column":2},"end":{"line":476,"column":12}},{"start":{},"end":{}}]},"30":{"loc":{"start":{"line":475,"column":6},"end":{"line":475,"column":47}},"type":"binary-expr","locations":[{"start":{"line":475,"column":6},"end":{"line":475,"column":19}},{"start":{"line":475,"column":23},"end":{"line":475,"column":47}}]},"31":{"loc":{"start":{"line":480,"column":2},"end":{"line":481,"column":25}},"type":"if","locations":[{"start":{"line":480,"column":2},"end":{"line":481,"column":25}},{"start":{},"end":{}}]},"32":{"loc":{"start":{"line":484,"column":16},"end":{"line":484,"column":71}},"type":"binary-expr","locations":[{"start":{"line":484,"column":16},"end":{"line":484,"column":41}},{"start":{"line":484,"column":45},"end":{"line":484,"column":71}}]},"33":{"loc":{"start":{"line":487,"column":2},"end":{"line":488,"column":43}},"type":"if","locations":[{"start":{"line":487,"column":2},"end":{"line":488,"column":43}},{"start":{},"end":{}}]},"34":{"loc":{"start":{"line":491,"column":17},"end":{"line":491,"column":65}},"type":"cond-expr","locations":[{"start":{"line":491,"column":25},"end":{"line":491,"column":42}},{"start":{"line":491,"column":45},"end":{"line":491,"column":65}}]},"35":{"loc":{"start":{"line":493,"column":20},"end":{"line":493,"column":34}},"type":"cond-expr","locations":[{"start":{"line":493,"column":28},"end":{"line":493,"column":29}},{"start":{"line":493,"column":32},"end":{"line":493,"column":34}}]},"36":{"loc":{"start":{"line":497,"column":22},"end":{"line":497,"column":110}},"type":"cond-expr","locations":[{"start":{"line":497,"column":45},"end":{"line":497,"column":76}},{"start":{"line":497,"column":79},"end":{"line":497,"column":110}}]},"37":{"loc":{"start":{"line":506,"column":1},"end":{"line":513,"column":2}},"type":"if","locations":[{"start":{"line":506,"column":1},"end":{"line":513,"column":2}},{"start":{},"end":{}}]},"38":{"loc":{"start":{"line":514,"column":1},"end":{"line":521,"column":2}},"type":"if","locations":[{"start":{"line":514,"column":1},"end":{"line":521,"column":2}},{"start":{},"end":{}}]}},"s":{"0":2,"1":2,"2":2,"3":15,"4":15,"5":15,"6":15,"7":1,"8":14,"9":14,"10":1,"11":14,"12":1,"13":1,"14":1,"15":1,"16":1,"17":1,"18":1,"19":1,"20":1,"21":1,"22":1,"23":1,"24":1,"25":1,"26":1,"27":1,"28":1,"29":0,"30":1,"31":0,"32":1,"33":1,"34":0,"35":1,"36":1,"37":1,"38":1,"39":1,"40":0,"41":0,"42":1,"43":1,"44":1,"45":1,"46":0,"47":0,"48":0,"49":0,"50":14,"51":1,"52":14,"53":1,"54":1,"55":1,"56":1,"57":1,"58":1,"59":1,"60":1,"61":1,"62":1,"63":1,"64":1,"65":1,"66":24,"67":24,"68":12,"69":12,"70":12,"71":12,"72":12,"73":12,"74":24,"75":24,"76":24,"77":24,"78":24,"79":24,"80":1,"81":1,"82":12,"83":12,"84":12,"85":6,"86":12,"87":12,"88":12,"89":1,"90":1,"91":12,"92":12,"93":12,"94":6,"95":12,"96":12,"97":12,"98":1,"99":1,"100":0,"101":0,"102":0,"103":0,"104":0,"105":0,"106":0,"107":0,"108":0,"109":0,"110":0,"111":0,"112":0,"113":0,"114":0,"115":0,"116":0,"117":0,"118":0,"119":0,"120":0,"121":0,"122":1,"123":1,"124":1,"125":1,"126":1,"127":1,"128":1,"129":1,"130":1,"131":1,"132":2,"133":2,"134":2,"135":2,"136":2,"137":2,"138":2,"139":2,"140":2,"141":2,"142":2,"143":2,"144":2,"145":0,"146":0,"147":0,"148":0,"149":0,"150":0,"151":0,"152":0,"153":0,"154":0,"155":0,"156":0,"157":0,"158":1,"159":24,"160":24,"161":24,"162":12,"163":12,"164":24,"165":12,"166":24,"167":24,"168":1,"169":1,"170":1,"171":1,"172":1,"173":1,"174":24,"175":24,"176":24,"177":0,"178":24,"179":24,"180":24,"181":2,"182":2,"183":2,"184":52,"185":52,"186":0,"187":0,"188":0,"189":0,"190":0,"191":0,"192":0,"193":2,"194":1,"195":1,"196":1,"197":1,"198":1,"199":1,"200":1,"201":1,"202":1,"203":1,"204":1,"205":1,"206":1,"207":0,"208":0,"209":0,"210":0,"211":0,"212":0,"213":0,"214":0,"215":0,"216":0,"217":0,"218":1,"219":1,"220":26,"221":26,"222":26,"223":0,"224":0,"225":0,"226":0,"227":0,"228":0,"229":0,"230":0,"231":0,"232":0,"233":0,"234":0,"235":0,"236":0,"237":0,"238":0,"239":0,"240":0,"241":0,"242":0,"243":0,"244":1,"245":0,"246":0,"247":0,"248":0,"249":0,"250":1,"251":0,"252":0,"253":0,"254":0,"255":0},"f":{"0":15,"1":1,"2":1,"3":1,"4":1,"5":24,"6":0,"7":0,"8":1,"9":2,"10":0,"11":1,"12":24,"13":2,"14":1,"15":1,"16":0},"b":{"0":[1,14],"1":[1,0],"2":[0,1],"3":[0,1],"4":[0,1],"5":[1,0],"6":[0,1],"7":[0,1],"8":[12,12],"9":[6,6],"10":[6,6],"11":[6,6],"12":[6,6],"13":[0,2],"14":[0,2],"15":[0,0],"16":[12,12],"17":[12,12],"18":[0,24],"19":[12,12],"20":[0,52],"21":[52,0],"22":[0,0],"23":[0,0],"24":[0,0],"25":[0,0],"26":[0,0],"27":[0,0],"28":[0,0],"29":[26,0],"30":[26,0],"31":[0,0],"32":[0,0],"33":[0,0],"34":[0,0],"35":[0,0],"36":[0,0],"37":[0,1],"38":[0,1]}}
,"/mnt/f/Dropbox/Projects/obsidian-backgammon/src/utils/styleConfig.ts": {"path":"/mnt/f/Dropbox/Projects/obsidian-backgammon/src/utils/styleConfig.ts","statementMap":{"0":{"start":{"line":63,"column":13},"end":{"line":117,"column":2}},"1":{"start":{"line":69,"column":21},"end":{"line":69,"column":64}},"2":{"start":{"line":70,"column":18},"end":{"line":70,"column":42}},"3":{"start":{"line":71,"column":20},"end":{"line":71,"column":44}},"4":{"start":{"line":72,"column":24},"end":{"line":72,"column":60}},"5":{"start":{"line":73,"column":23},"end":{"line":73,"column":51}},"6":{"start":{"line":74,"column":23},"end":{"line":74,"column":53}},"7":{"start":{"line":75,"column":14},"end":{"line":75,"column":41}}},"fnMap":{"0":{"name":"(anonymous_0)","decl":{"start":{"line":69,"column":1},"end":{"line":69,"column":5}},"loc":{"start":{"line":69,"column":16},"end":{"line":69,"column":66}}},"1":{"name":"(anonymous_1)","decl":{"start":{"line":70,"column":1},"end":{"line":70,"column":5}},"loc":{"start":{"line":70,"column":13},"end":{"line":70,"column":44}}},"2":{"name":"(anonymous_2)","decl":{"start":{"line":71,"column":1},"end":{"line":71,"column":5}},"loc":{"start":{"line":71,"column":15},"end":{"line":71,"column":46}}},"3":{"name":"(anonymous_3)","decl":{"start":{"line":72,"column":1},"end":{"line":72,"column":5}},"loc":{"start":{"line":72,"column":19},"end":{"line":72,"column":62}}},"4":{"name":"(anonymous_4)","decl":{"start":{"line":73,"column":1},"end":{"line":73,"column":5}},"loc":{"start":{"line":73,"column":18},"end":{"line":73,"column":53}}},"5":{"name":"(anonymous_5)","decl":{"start":{"line":74,"column":1},"end":{"line":74,"column":5}},"loc":{"start":{"line":74,"column":18},"end":{"line":74,"column":55}}},"6":{"name":"(anonymous_6)","decl":{"start":{"line":75,"column":1},"end":{"line":75,"column":5}},"loc":{"start":{"line":75,"column":9},"end":{"line":75,"column":43}}}},"branchMap":{},"s":{"0":1,"1":0,"2":0,"3":0,"4":0,"5":0,"6":0,"7":0},"f":{"0":0,"1":0,"2":0,"3":0,"4":0,"5":0,"6":0},"b":{}}
}
