TN:
SF:src/main.ts
FN:15,(anonymous_0)
FN:16,(anonymous_1)
FN:26,(anonymous_2)
FN:43,(anonymous_3)
FNF:4
FNH:3
FNDA:11,(anonymous_0)
FNDA:10,(anonymous_1)
FNDA:0,(anonymous_2)
FNDA:1,(anonymous_3)
DA:7,1
DA:9,1
DA:10,1
DA:11,1
DA:14,1
DA:16,11
DA:17,10
DA:18,10
DA:19,10
DA:20,5
DA:22,5
DA:24,5
DA:26,5
DA:27,0
DA:28,0
DA:29,0
DA:32,10
DA:33,10
DA:34,10
DA:35,10
DA:36,10
DA:37,10
DA:38,10
LF:23
LH:20
BRDA:36,0,0,9
BRDA:36,0,1,1
BRF:2
BRH:2
end_of_record
TN:
SF:src/types/index.ts
FNF:0
FNH:0
DA:1,0
LF:1
LH:0
BRF:0
BRH:0
end_of_record
TN:
SF:src/utils/index.ts
FNF:0
FNH:0
DA:2,1
DA:3,1
LF:2
LH:2
BRF:0
BRH:0
end_of_record
TN:
SF:src/utils/parseXGID.ts
FN:11,charToCount
FN:27,countCheckers
FN:29,(anonymous_2)
FN:30,(anonymous_3)
FN:48,parseXGID
FN:95,(anonymous_5)
FN:139,extractMoveBlocks
FN:141,(anonymous_7)
FNF:8
FNH:8
FNDA:727,charToCount
FNDA:56,countCheckers
FNDA:1454,(anonymous_2)
FNDA:193,(anonymous_3)
FNDA:33,parseXGID
FNDA:727,(anonymous_5)
FNDA:6,extractMoveBlocks
FNDA:6,(anonymous_7)
DA:12,727
DA:13,145
DA:15,582
DA:16,48
DA:18,534
DA:28,56
DA:29,1454
DA:30,193
DA:48,2
DA:49,33
DA:50,3
DA:53,30
DA:54,30
DA:55,2
DA:58,28
DA:60,28
DA:61,0
DA:64,28
DA:65,28
DA:66,28
DA:67,28
DA:74,28
DA:75,28
DA:76,28
DA:77,28
DA:78,28
DA:79,1
DA:80,28
DA:81,11
DA:83,28
DA:84,28
DA:85,28
DA:86,28
DA:89,28
DA:91,28
DA:95,727
DA:100,28
DA:101,28
DA:102,28
DA:104,28
DA:105,28
DA:106,28
DA:107,28
DA:108,28
DA:126,28
DA:139,2
DA:140,6
DA:141,6
DA:143,6
DA:144,3
DA:147,3
DA:148,3
DA:149,3
DA:150,1
DA:151,1
DA:155,2
LF:56
LH:55
BRDA:12,0,0,145
BRDA:12,0,1,582
BRDA:12,1,0,727
BRDA:12,1,1,145
BRDA:15,2,0,48
BRDA:15,2,1,534
BRDA:15,3,0,582
BRDA:15,3,1,48
BRDA:49,4,0,3
BRDA:49,4,1,30
BRDA:49,5,0,33
BRDA:49,5,1,30
BRDA:54,6,0,2
BRDA:54,6,1,28
BRDA:60,7,0,0
BRDA:60,7,1,28
BRDA:78,8,0,1
BRDA:78,8,1,27
BRDA:80,9,0,11
BRDA:80,9,1,17
BRDA:89,10,0,23
BRDA:89,10,1,5
BRDA:89,11,0,4
BRDA:89,11,1,1
BRDA:102,12,0,28
BRDA:102,12,1,27
BRDA:112,13,0,3
BRDA:112,13,1,25
BRDA:116,14,0,23
BRDA:116,14,1,5
BRDA:143,15,0,3
BRDA:143,15,1,3
BRDA:149,16,0,1
BRDA:149,16,1,2
BRF:34
BRH:33
end_of_record
TN:
SF:src/utils/renderBoard.ts
FN:14,renderBoard
FN:22,(anonymous_1)
FN:26,(anonymous_2)
FN:82,(anonymous_3)
FN:98,drawBoard
FN:118,(anonymous_5)
FN:168,drawCheckerLabel
FN:184,drawScoreAtPosition
FN:216,drawCubeAtPosition
FN:244,drawDieAtPosition
FN:303,drawCheckerAtPosition
FN:334,renderPointNumbers
FN:336,(anonymous_12)
FN:394,calculatePipCount
FN:426,renderPipCounts
FN:447,drawCheckers
FN:450,(anonymous_16)
FNF:17
FNH:13
FNDA:15,renderBoard
FNDA:1,(anonymous_1)
FNDA:1,(anonymous_2)
FNDA:1,(anonymous_3)
FNDA:1,drawBoard
FNDA:24,(anonymous_5)
FNDA:0,drawCheckerLabel
FNDA:0,drawScoreAtPosition
FNDA:1,drawCubeAtPosition
FNDA:2,drawDieAtPosition
FNDA:0,drawCheckerAtPosition
FNDA:1,renderPointNumbers
FNDA:24,(anonymous_12)
FNDA:2,calculatePipCount
FNDA:1,renderPipCounts
FNDA:1,drawCheckers
FNDA:0,(anonymous_16)
DA:2,2
DA:14,2
DA:15,15
DA:16,15
DA:17,15
DA:19,15
DA:20,14
DA:22,14
DA:23,1
DA:26,14
DA:27,1
DA:29,1
DA:30,1
DA:31,1
DA:33,1
DA:34,1
DA:36,1
DA:37,1
DA:38,1
DA:39,1
DA:40,1
DA:41,1
DA:43,1
DA:44,1
DA:45,1
DA:46,1
DA:47,1
DA:48,0
DA:49,1
DA:50,0
DA:52,1
DA:53,1
DA:54,0
DA:55,1
DA:57,1
DA:60,1
DA:61,1
DA:62,1
DA:64,0
DA:65,0
DA:68,1
DA:69,1
DA:70,1
DA:73,1
DA:75,0
DA:76,0
DA:77,0
DA:78,0
DA:82,14
DA:83,1
DA:85,14
DA:100,1
DA:101,1
DA:102,1
DA:103,1
DA:106,1
DA:107,1
DA:108,1
DA:111,1
DA:112,1
DA:113,1
DA:114,1
DA:116,1
DA:118,1
DA:119,24
DA:120,24
DA:121,12
DA:122,12
DA:123,12
DA:125,12
DA:126,12
DA:127,12
DA:129,24
DA:130,24
DA:131,24
DA:132,24
DA:133,24
DA:134,24
DA:137,1
DA:138,12
DA:139,12
DA:140,12
DA:141,12
DA:142,12
DA:143,12
DA:146,1
DA:147,12
DA:148,12
DA:149,12
DA:150,12
DA:151,12
DA:152,12
DA:155,1
DA:156,1
DA:169,0
DA:170,0
DA:171,0
DA:172,0
DA:173,0
DA:186,0
DA:187,0
DA:188,0
DA:189,0
DA:190,0
DA:192,0
DA:193,0
DA:195,0
DA:196,0
DA:197,0
DA:198,0
DA:199,0
DA:201,0
DA:202,0
DA:203,0
DA:204,0
DA:205,0
DA:218,1
DA:219,1
DA:220,1
DA:221,1
DA:222,1
DA:224,1
DA:225,1
DA:226,1
DA:227,1
DA:228,1
DA:246,2
DA:248,2
DA:249,2
DA:252,2
DA:253,2
DA:254,2
DA:255,2
DA:256,2
DA:257,2
DA:258,2
DA:261,2
DA:271,2
DA:280,2
DA:283,0
DA:284,0
DA:285,0
DA:286,0
DA:287,0
DA:288,0
DA:289,0
DA:305,0
DA:306,0
DA:307,0
DA:308,0
DA:310,0
DA:311,0
DA:336,1
DA:337,24
DA:338,24
DA:340,24
DA:341,12
DA:343,12
DA:347,24
DA:348,12
DA:352,24
DA:354,24
DA:357,1
DA:358,1
DA:359,1
DA:360,1
DA:363,1
DA:364,24
DA:367,24
DA:368,24
DA:370,0
DA:374,24
DA:375,24
DA:379,24
DA:395,2
DA:397,2
DA:398,52
DA:399,52
DA:400,0
DA:402,0
DA:403,0
DA:404,0
DA:405,0
DA:407,0
DA:410,0
DA:414,2
DA:427,1
DA:428,1
DA:430,1
DA:431,1
DA:432,1
DA:433,1
DA:435,1
DA:436,1
DA:437,1
DA:438,1
DA:441,1
DA:444,1
DA:447,2
DA:450,1
DA:451,0
DA:452,0
DA:453,0
DA:454,0
DA:456,0
DA:457,0
DA:459,0
DA:462,0
DA:463,0
DA:466,0
DA:469,0
DA:472,1
DA:474,26
DA:475,26
DA:476,26
DA:478,0
DA:479,0
DA:480,0
DA:481,0
DA:483,0
DA:484,0
DA:485,0
DA:486,0
DA:487,0
DA:488,0
DA:489,0
DA:490,0
DA:491,0
DA:493,0
DA:494,0
DA:496,0
DA:497,0
DA:498,0
DA:499,0
DA:500,0
DA:506,1
DA:508,0
DA:509,0
DA:510,0
DA:511,0
DA:512,0
DA:514,1
DA:516,0
DA:517,0
DA:518,0
DA:519,0
DA:520,0
LF:247
LH:154
BRDA:19,0,0,1
BRDA:19,0,1,14
BRDA:23,1,0,1
BRDA:23,1,1,0
BRDA:47,2,0,0
BRDA:47,2,1,1
BRDA:49,3,0,0
BRDA:49,3,1,1
BRDA:53,4,0,0
BRDA:53,4,1,1
BRDA:57,5,0,1
BRDA:57,5,1,0
BRDA:62,6,0,0
BRDA:62,6,1,1
BRDA:73,7,0,0
BRDA:73,7,1,1
BRDA:120,8,0,12
BRDA:120,8,1,12
BRDA:140,9,0,6
BRDA:140,9,1,6
BRDA:141,10,0,6
BRDA:141,10,1,6
BRDA:149,11,0,6
BRDA:149,11,1,6
BRDA:150,12,0,6
BRDA:150,12,1,6
BRDA:254,13,0,0
BRDA:254,13,1,2
BRDA:280,14,0,0
BRDA:280,14,1,2
BRDA:283,15,0,0
BRDA:283,15,1,0
BRDA:340,16,0,12
BRDA:340,16,1,12
BRDA:347,17,0,12
BRDA:347,17,1,12
BRDA:368,18,0,0
BRDA:368,18,1,24
BRDA:375,19,0,12
BRDA:375,19,1,12
BRDA:399,20,0,0
BRDA:399,20,1,52
BRDA:399,21,0,52
BRDA:399,21,1,0
BRDA:402,22,0,0
BRDA:402,22,1,0
BRDA:402,23,0,0
BRDA:402,23,1,0
BRDA:404,24,0,0
BRDA:404,24,1,0
BRDA:453,25,0,0
BRDA:453,25,1,0
BRDA:453,26,0,0
BRDA:453,26,1,0
BRDA:456,27,0,0
BRDA:456,27,1,0
BRDA:462,28,0,0
BRDA:462,28,1,0
BRDA:475,29,0,26
BRDA:475,29,1,0
BRDA:475,30,0,26
BRDA:475,30,1,0
BRDA:480,31,0,0
BRDA:480,31,1,0
BRDA:484,32,0,0
BRDA:484,32,1,0
BRDA:487,33,0,0
BRDA:487,33,1,0
BRDA:491,34,0,0
BRDA:491,34,1,0
BRDA:493,35,0,0
BRDA:493,35,1,0
BRDA:497,36,0,0
BRDA:497,36,1,0
BRDA:506,37,0,0
BRDA:506,37,1,1
BRDA:514,38,0,0
BRDA:514,38,1,1
BRF:78
BRH:34
end_of_record
TN:
SF:src/utils/styleConfig.ts
FN:69,(anonymous_0)
FN:70,(anonymous_1)
FN:71,(anonymous_2)
FN:72,(anonymous_3)
FN:73,(anonymous_4)
FN:74,(anonymous_5)
FN:75,(anonymous_6)
FNF:7
FNH:0
FNDA:0,(anonymous_0)
FNDA:0,(anonymous_1)
FNDA:0,(anonymous_2)
FNDA:0,(anonymous_3)
FNDA:0,(anonymous_4)
FNDA:0,(anonymous_5)
FNDA:0,(anonymous_6)
DA:63,1
DA:69,0
DA:70,0
DA:71,0
DA:72,0
DA:73,0
DA:74,0
DA:75,0
LF:8
LH:1
BRF:0
BRH:0
end_of_record
